<component name="libraryTable">
  <library name="junit-jupiter-api-5.9.0">
    <CLASSES>
      <root url="jar://$USER_HOME$/Downloads/junit-jupiter-api-5.9.0.jar!/" />
    </CLASSES>
    <JAVADOC />
    <SOURCES>
      <root url="jar://$USER_HOME$/.ideaLibSources/junit-jupiter-api-5.9.0-sources.jar!/" />
      <root url="jar://$USER_HOME$/.ideaLibSources/junit-jupiter-api-5.9.0-sources.jar!/" />
    </SOURCES>
  </library>
</component>